Initializing document watcher...
Projeto-Rocketshoes/public/index.html: {"insertSpaces":true}
Projeto-Rocketshoes/public/index.html: Using EditorConfig core...
public/index.html: setEndOfLine(LF)
public/index.html: editor.action.trimTrailingWhitespace
Projeto-Rocketshoes/public/index.html: {"insertSpaces":true}
Projeto-Rocketshoes/src/Store/Modules/Cart/sagas.js: {"insertSpaces":true}
Projeto-Rocketshoes/src/Store/Modules/Cart/sagas.js: {"insertSpaces":true}
Projeto-Rocketshoes/src/Store/Modules/Cart/sagas.js: {"insertSpaces":true}
Projeto-Rocketshoes/src/Store/Modules/Cart/sagas.js: {"insertSpaces":true}
Projeto-Rocketshoes/src/Store/Modules/Cart/action.js: {"insertSpaces":true}
Projeto-Rocketshoes/src/Store/Modules/Cart/action.js: Using EditorConfig core...
src/Store/Modules/Cart/action.js: setEndOfLine(LF)
src/Store/Modules/Cart/action.js: editor.action.trimTrailingWhitespace
Projeto-Rocketshoes/src/Store/Modules/Cart/action.js: {"insertSpaces":true}
Projeto-Rocketshoes/src/Store/Modules/Cart/sagas.js: {"insertSpaces":true}
Projeto-Rocketshoes/src/Store/Modules/Cart/sagas.js: {"insertSpaces":true}
Projeto-Rocketshoes/src/Pages/Home/index.js: {"insertSpaces":true}
Projeto-Rocketshoes/src/Pages/Home/index.js: Using EditorConfig core...
src/Pages/Home/index.js: setEndOfLine(LF)
src/Pages/Home/index.js: editor.action.trimTrailingWhitespace
Projeto-Rocketshoes/src/Pages/Home/index.js: {"insertSpaces":true}
Projeto-Rocketshoes/src/Pages/Home/index.js: Using EditorConfig core...
src/Pages/Home/index.js: setEndOfLine(LF)
src/Pages/Home/index.js: editor.action.trimTrailingWhitespace
Projeto-Rocketshoes/src/Pages/Home/index.js: {"insertSpaces":true}
Projeto-Rocketshoes/src/Pages/Home/index.js: Using EditorConfig core...
src/Pages/Home/index.js: setEndOfLine(LF)
src/Pages/Home/index.js: editor.action.trimTrailingWhitespace
Projeto-Rocketshoes/src/Pages/Home/index.js: Using EditorConfig core...
src/Pages/Home/index.js: setEndOfLine(LF)
src/Pages/Home/index.js: editor.action.trimTrailingWhitespace
Projeto-Rocketshoes/src/Pages/Home/index.js: {"insertSpaces":true}
Projeto-Rocketshoes/src/Store/Modules/Cart/sagas.js: {"insertSpaces":true}
Projeto-Rocketshoes/src/Store/Modules/Cart/sagas.js: Using EditorConfig core...
src/Store/Modules/Cart/sagas.js: setEndOfLine(LF)
src/Store/Modules/Cart/sagas.js: editor.action.trimTrailingWhitespace
src/Store/Modules/Cart/sagas.js: insertFinalNewline(LF)
Projeto-Rocketshoes/src/Store/Modules/Cart/sagas.js: {"insertSpaces":true}
Projeto-Rocketshoes/src/Store/Modules/Cart/sagas.js: Using EditorConfig core...
src/Store/Modules/Cart/sagas.js: setEndOfLine(LF)
src/Store/Modules/Cart/sagas.js: editor.action.trimTrailingWhitespace
Projeto-Rocketshoes/src/Store/Modules/Cart/sagas.js: Using EditorConfig core...
src/Store/Modules/Cart/sagas.js: setEndOfLine(LF)
src/Store/Modules/Cart/sagas.js: editor.action.trimTrailingWhitespace
Projeto-Rocketshoes/src/Store/Modules/Cart/sagas.js: {"insertSpaces":true}
Projeto-Rocketshoes/src/Store/Modules/Cart/sagas.js: {"insertSpaces":true}
Projeto-Rocketshoes/src/Store/Modules/Cart/sagas.js: {"insertSpaces":true}
Projeto-Rocketshoes/src/Store/Modules/Cart/sagas.js: Using EditorConfig core...
src/Store/Modules/Cart/sagas.js: setEndOfLine(LF)
src/Store/Modules/Cart/sagas.js: editor.action.trimTrailingWhitespace
Projeto-Rocketshoes/src/Store/Modules/Cart/sagas.js: {"insertSpaces":true}
Projeto-Rocketshoes/src/Store/Modules/Cart/sagas.js: Using EditorConfig core...
src/Store/Modules/Cart/sagas.js: setEndOfLine(LF)
src/Store/Modules/Cart/sagas.js: editor.action.trimTrailingWhitespace
Projeto-Rocketshoes/src/Store/Modules/Cart/sagas.js: {"insertSpaces":true}
Projeto-Rocketshoes/src/Store/Modules/Cart/action.js: {"insertSpaces":true}
Projeto-Rocketshoes/src/Store/Modules/Cart/action.js: {"insertSpaces":true}
Projeto-Rocketshoes/src/Store/Modules/Cart/action.js: Using EditorConfig core...
src/Store/Modules/Cart/action.js: setEndOfLine(LF)
src/Store/Modules/Cart/action.js: editor.action.trimTrailingWhitespace
Projeto-Rocketshoes/src/Store/Modules/Cart/action.js: {"insertSpaces":true}
Projeto-Rocketshoes/src/Store/Modules/Cart/action.js: Using EditorConfig core...
src/Store/Modules/Cart/action.js: setEndOfLine(LF)
src/Store/Modules/Cart/action.js: editor.action.trimTrailingWhitespace
Projeto-Rocketshoes/src/Store/Modules/Cart/action.js: {"insertSpaces":true}
Projeto-Rocketshoes/src/Store/Modules/Cart/action.js: Using EditorConfig core...
src/Store/Modules/Cart/action.js: setEndOfLine(LF)
src/Store/Modules/Cart/action.js: editor.action.trimTrailingWhitespace
Projeto-Rocketshoes/src/Store/Modules/Cart/action.js: {"insertSpaces":true}
Projeto-Rocketshoes/src/Store/Modules/Cart/action.js: {"insertSpaces":true}
Projeto-Rocketshoes/src/Store/Modules/Cart/reducer.js: {"insertSpaces":true}
Projeto-Rocketshoes/src/Store/Modules/Cart/reducer.js: Using EditorConfig core...
src/Store/Modules/Cart/reducer.js: setEndOfLine(LF)
src/Store/Modules/Cart/reducer.js: editor.action.trimTrailingWhitespace
src/Store/Modules/Cart/reducer.js: insertFinalNewline(LF)
Projeto-Rocketshoes/src/Store/Modules/Cart/reducer.js: {"insertSpaces":true}
Projeto-Rocketshoes/src/Pages/Home/index.js: {"insertSpaces":true}
Projeto-Rocketshoes/src/Pages/Home/index.js: Using EditorConfig core...
src/Pages/Home/index.js: setEndOfLine(LF)
src/Pages/Home/index.js: editor.action.trimTrailingWhitespace
Projeto-Rocketshoes/src/Pages/Home/index.js: Using EditorConfig core...
src/Pages/Home/index.js: setEndOfLine(LF)
src/Pages/Home/index.js: editor.action.trimTrailingWhitespace
Projeto-Rocketshoes/src/Pages/Home/index.js: {"insertSpaces":true}
Projeto-Rocketshoes/src/Pages/Home/index.js: Using EditorConfig core...
src/Pages/Home/index.js: setEndOfLine(LF)
src/Pages/Home/index.js: editor.action.trimTrailingWhitespace
Projeto-Rocketshoes/src/Pages/Home/index.js: Using EditorConfig core...
src/Pages/Home/index.js: setEndOfLine(LF)
src/Pages/Home/index.js: editor.action.trimTrailingWhitespace
Projeto-Rocketshoes/src/Pages/Home/index.js: {"insertSpaces":true}
Projeto-Rocketshoes/src/Store/Modules/Cart/reducer.js: {"insertSpaces":true}
Projeto-Rocketshoes/src/Store/Modules/Cart/action.js: {"insertSpaces":true}
Projeto-Rocketshoes/src/Store/Modules/Cart/sagas.js: {"insertSpaces":true}
Projeto-Rocketshoes/src/Store/Modules/Cart/sagas.js: Using EditorConfig core...
src/Store/Modules/Cart/sagas.js: setEndOfLine(LF)
src/Store/Modules/Cart/sagas.js: editor.action.trimTrailingWhitespace
Projeto-Rocketshoes/src/Store/Modules/Cart/sagas.js: {"insertSpaces":true}
Projeto-Rocketshoes/src/Store/Modules/Cart/sagas.js: Using EditorConfig core...
src/Store/Modules/Cart/sagas.js: setEndOfLine(LF)
src/Store/Modules/Cart/sagas.js: editor.action.trimTrailingWhitespace
Projeto-Rocketshoes/src/Store/Modules/Cart/sagas.js: {"insertSpaces":true}
Projeto-Rocketshoes/src/Store/Modules/Cart/sagas.js: Using EditorConfig core...
src/Store/Modules/Cart/sagas.js: setEndOfLine(LF)
src/Store/Modules/Cart/sagas.js: editor.action.trimTrailingWhitespace
Projeto-Rocketshoes/src/Store/Modules/Cart/sagas.js: {"insertSpaces":true}
Projeto-Rocketshoes/src/Store/Modules/Cart/sagas.js: Using EditorConfig core...
src/Store/Modules/Cart/sagas.js: setEndOfLine(LF)
src/Store/Modules/Cart/sagas.js: editor.action.trimTrailingWhitespace
Projeto-Rocketshoes/src/Store/Modules/Cart/sagas.js: {"insertSpaces":true}
Projeto-Rocketshoes/src/Store/Modules/Cart/sagas.js: {"insertSpaces":true}
Projeto-Rocketshoes/src/Store/Modules/Cart/sagas.js: Using EditorConfig core...
src/Store/Modules/Cart/sagas.js: setEndOfLine(LF)
src/Store/Modules/Cart/sagas.js: editor.action.trimTrailingWhitespace
src/Store/Modules/Cart/sagas.js: insertFinalNewline(LF)
Projeto-Rocketshoes/src/Store/Modules/Cart/sagas.js: {"insertSpaces":true}
Projeto-Rocketshoes/src/Store/Modules/Cart/sagas.js: Using EditorConfig core...
src/Store/Modules/Cart/sagas.js: setEndOfLine(LF)
src/Store/Modules/Cart/sagas.js: editor.action.trimTrailingWhitespace
Projeto-Rocketshoes/src/Store/Modules/Cart/sagas.js: {"insertSpaces":true}
Projeto-Rocketshoes/src/Store/Modules/Cart/sagas.js: {"insertSpaces":true}
Projeto-Rocketshoes/src/Store/Modules/rootSaga.js: {"insertSpaces":true}
Projeto-Rocketshoes/src/Store/Modules/rootSaga.js: {"insertSpaces":true}
Projeto-Rocketshoes/src/Pages/Home/index.js: {"insertSpaces":true}
Projeto-Rocketshoes/src/Store/Modules/Cart/action.js: {"insertSpaces":true}
Projeto-Rocketshoes/src/Store/Modules/Cart/sagas.js: {"insertSpaces":true}
Projeto-Rocketshoes/src/Store/Modules/rootSaga.js: {"insertSpaces":true}
Projeto-Rocketshoes/src/Store/Modules/rootSaga.js: {"insertSpaces":true}
Projeto-Rocketshoes/src/Store/Modules/rootSaga.js: Using EditorConfig core...
src/Store/Modules/rootSaga.js: setEndOfLine(LF)
src/Store/Modules/rootSaga.js: editor.action.trimTrailingWhitespace
src/Store/Modules/rootSaga.js: insertFinalNewline(LF)
Projeto-Rocketshoes/src/Store/Modules/rootSaga.js: {"insertSpaces":true}
Projeto-Rocketshoes/src/Store/index.js: {"insertSpaces":true}
Projeto-Rocketshoes/src/Store/index.js: Using EditorConfig core...
src/Store/index.js: setEndOfLine(LF)
src/Store/index.js: editor.action.trimTrailingWhitespace
src/Store/index.js: insertFinalNewline(LF)
Projeto-Rocketshoes/src/Store/index.js: Using EditorConfig core...
src/Store/index.js: setEndOfLine(LF)
src/Store/index.js: editor.action.trimTrailingWhitespace
Projeto-Rocketshoes/src/Store/index.js: {"insertSpaces":true}
Projeto-Rocketshoes/src/Store/index.js: {"insertSpaces":true}
Projeto-Rocketshoes/src/Store/index.js: Using EditorConfig core...
src/Store/index.js: setEndOfLine(LF)
src/Store/index.js: editor.action.trimTrailingWhitespace
Projeto-Rocketshoes/src/Store/index.js: Using EditorConfig core...
src/Store/index.js: setEndOfLine(LF)
src/Store/index.js: editor.action.trimTrailingWhitespace
Projeto-Rocketshoes/src/Store/index.js: {"insertSpaces":true}
Projeto-Rocketshoes/src/index.js: {"insertSpaces":true}
Projeto-Rocketshoes/src/Store/index.js: {"insertSpaces":true}
Projeto-Rocketshoes/src/App.js: {"insertSpaces":true}
Projeto-Rocketshoes/src/App.js: {"insertSpaces":true}
Projeto-Rocketshoes/src/Store/Modules/Cart/sagas.js: {"insertSpaces":true}
Projeto-Rocketshoes/src/Store/Modules/Cart/sagas.js: {"insertSpaces":true}
Projeto-Rocketshoes/src/Store/Modules/Cart/sagas.js: Using EditorConfig core...
src/Store/Modules/Cart/sagas.js: setEndOfLine(LF)
src/Store/Modules/Cart/sagas.js: editor.action.trimTrailingWhitespace
Projeto-Rocketshoes/src/Store/Modules/Cart/sagas.js: {"insertSpaces":true}
Projeto-Rocketshoes/src/Store/Modules/Cart/sagas.js: {"insertSpaces":true}
Projeto-Rocketshoes/src/Store/Modules/Cart/sagas.js: Using EditorConfig core...
src/Store/Modules/Cart/sagas.js: setEndOfLine(LF)
src/Store/Modules/Cart/sagas.js: editor.action.trimTrailingWhitespace
Projeto-Rocketshoes/src/Store/Modules/Cart/sagas.js: Using EditorConfig core...
src/Store/Modules/Cart/sagas.js: setEndOfLine(LF)
src/Store/Modules/Cart/sagas.js: editor.action.trimTrailingWhitespace
Projeto-Rocketshoes/src/Store/Modules/Cart/sagas.js: {"insertSpaces":true}
Projeto-Rocketshoes/src/Store/Modules/Cart/sagas.js: Using EditorConfig core...
src/Store/Modules/Cart/sagas.js: setEndOfLine(LF)
src/Store/Modules/Cart/sagas.js: editor.action.trimTrailingWhitespace
Projeto-Rocketshoes/src/Store/Modules/Cart/sagas.js: {"insertSpaces":true}
Projeto-Rocketshoes/src/Store/Modules/Cart/action.js: {"insertSpaces":true}
Projeto-Rocketshoes/src/Store/Modules/Cart/action.js: {"insertSpaces":true}
Projeto-Rocketshoes/src/Store/Modules/Cart/action.js: Using EditorConfig core...
src/Store/Modules/Cart/action.js: setEndOfLine(LF)
src/Store/Modules/Cart/action.js: editor.action.trimTrailingWhitespace
Projeto-Rocketshoes/src/Store/Modules/Cart/action.js: {"insertSpaces":true}
Projeto-Rocketshoes/src/Store/Modules/rootSaga.js: {"insertSpaces":true}
Projeto-Rocketshoes/src/Store/Modules/Cart/sagas.js: {"insertSpaces":true}
Projeto-Rocketshoes/src/Pages/Home/index.js: {"insertSpaces":true}
Projeto-Rocketshoes/src/Store/Modules/Cart/action.js: {"insertSpaces":true}
Projeto-Rocketshoes/src/Store/index.js: {"insertSpaces":true}
Projeto-Rocketshoes/src/Store/index.js: {"insertSpaces":true}
Projeto-Rocketshoes/src/Store/index.js: Using EditorConfig core...
src/Store/index.js: setEndOfLine(LF)
src/Store/index.js: editor.action.trimTrailingWhitespace
Projeto-Rocketshoes/src/Store/index.js: Using EditorConfig core...
src/Store/index.js: setEndOfLine(LF)
src/Store/index.js: editor.action.trimTrailingWhitespace
Projeto-Rocketshoes/src/Store/index.js: {"insertSpaces":true}
Projeto-Rocketshoes/src/App.js: {"insertSpaces":true}
Projeto-Rocketshoes/src/Config/ReactotronConfig.js: {"insertSpaces":true}
Projeto-Rocketshoes/src/Config/ReactotronConfig.js: {"insertSpaces":true}
Projeto-Rocketshoes/src/App.js: {"insertSpaces":true}
Projeto-Rocketshoes/src/Store/index.js: {"insertSpaces":true}
Projeto-Rocketshoes/src/Store/index.js: {"insertSpaces":true}
Projeto-Rocketshoes/src/Store/index.js: Using EditorConfig core...
src/Store/index.js: setEndOfLine(LF)
src/Store/index.js: editor.action.trimTrailingWhitespace
Projeto-Rocketshoes/src/Store/index.js: {"insertSpaces":true}
Projeto-Rocketshoes/src/Store/index.js: Using EditorConfig core...
src/Store/index.js: setEndOfLine(LF)
src/Store/index.js: editor.action.trimTrailingWhitespace
Projeto-Rocketshoes/src/Store/index.js: {"insertSpaces":true}
Projeto-Rocketshoes/src/Store/index.js: Using EditorConfig core...
src/Store/index.js: setEndOfLine(LF)
src/Store/index.js: editor.action.trimTrailingWhitespace
Projeto-Rocketshoes/src/Store/index.js: Using EditorConfig core...
src/Store/index.js: setEndOfLine(LF)
src/Store/index.js: editor.action.trimTrailingWhitespace
Projeto-Rocketshoes/src/Store/index.js: {"insertSpaces":true}
Projeto-Rocketshoes/src/Store/index.js: Using EditorConfig core...
src/Store/index.js: setEndOfLine(LF)
src/Store/index.js: editor.action.trimTrailingWhitespace
Projeto-Rocketshoes/src/Store/index.js: {"insertSpaces":true}
Projeto-Rocketshoes/src/Store/index.js: {"insertSpaces":true}
Projeto-Rocketshoes/src/Store/index.js: Using EditorConfig core...
src/Store/index.js: setEndOfLine(LF)
src/Store/index.js: editor.action.trimTrailingWhitespace
Projeto-Rocketshoes/src/Store/index.js: Using EditorConfig core...
src/Store/index.js: setEndOfLine(LF)
src/Store/index.js: editor.action.trimTrailingWhitespace
Projeto-Rocketshoes/src/Store/index.js: {"insertSpaces":true}
Projeto-Rocketshoes/src/Store/index.js: {"insertSpaces":true}
Projeto-Rocketshoes/src/Store/index.js: {"insertSpaces":true}
Projeto-Rocketshoes/src/Store/Modules/rootSaga.js: {"insertSpaces":true}
Projeto-Rocketshoes/src/Store/Modules/Cart/sagas.js: {"insertSpaces":true}
Projeto-Rocketshoes/src/Store/Modules/rootSaga.js: {"insertSpaces":true}
Projeto-Rocketshoes/src/Store/index.js: {"insertSpaces":true}
Projeto-Rocketshoes/src/Store/Modules/rootSaga.js: {"insertSpaces":true}
Projeto-Rocketshoes/src/Pages/Home/index.js: {"insertSpaces":true}
Projeto-Rocketshoes/src/Store/Modules/Cart/action.js: {"insertSpaces":true}
Projeto-Rocketshoes/src/Store/Modules/Cart/action.js: {"insertSpaces":true}
Projeto-Rocketshoes/src/Store/Modules/Cart/reducer.js: {"insertSpaces":true}
Projeto-Rocketshoes/src/Store/Modules/rootSaga.js: {"insertSpaces":true}
Projeto-Rocketshoes/src/Store/Modules/Cart/sagas.js: {"insertSpaces":true}
Projeto-Rocketshoes/src/Store/Modules/rootSaga.js: {"insertSpaces":true}
Projeto-Rocketshoes/src/Store/Modules/rootSaga.js: {"insertSpaces":true}
Projeto-Rocketshoes/src/Store/Modules/Cart/sagas.js: {"insertSpaces":true}
Projeto-Rocketshoes/src/Pages/Home/index.js: {"insertSpaces":true}
Projeto-Rocketshoes/src/Store/Modules/Cart/action.js: {"insertSpaces":true}
Projeto-Rocketshoes/src/Store/Modules/Cart/action.js: {"insertSpaces":true}
Projeto-Rocketshoes/src/Store/Modules/Cart/action.js: {"insertSpaces":true}
Projeto-Rocketshoes/src/Store/Modules/Cart/action.js: {"insertSpaces":true}
Projeto-Rocketshoes/src/Store/Modules/Cart/action.js: {"insertSpaces":true}
Projeto-Rocketshoes/src/Store/Modules/Cart/action.js: {"insertSpaces":true}
Projeto-Rocketshoes/src/Store/Modules/Cart/sagas.js: {"insertSpaces":true}
Projeto-Rocketshoes/src/Store/Modules/Cart/action.js: {"insertSpaces":true}
Projeto-Rocketshoes/src/Store/Modules/Cart/reducer.js: {"insertSpaces":true}
Projeto-Rocketshoes/src/Store/Modules/Cart/reducer.js: {"insertSpaces":true}
Projeto-Rocketshoes/src/Store/Modules/Cart/reducer.js: {"insertSpaces":true}
Projeto-Rocketshoes/src/Store/Modules/Cart/reducer.js: {"insertSpaces":true}
Projeto-Rocketshoes/src/Store/Modules/Cart/action.js: {"insertSpaces":true}
Projeto-Rocketshoes/src/Pages/Home/index.js: {"insertSpaces":true}
Projeto-Rocketshoes/src/Store/Modules/rootSaga.js: {"insertSpaces":true}
Projeto-Rocketshoes/src/Store/Modules/Cart/sagas.js: {"insertSpaces":true}
Projeto-Rocketshoes/src/Store/Modules/Cart/sagas.js: {"insertSpaces":true}
Projeto-Rocketshoes/src/Store/Modules/Cart/sagas.js: {"insertSpaces":true}
Projeto-Rocketshoes/src/Store/Modules/Cart/sagas.js: {"insertSpaces":true}
Projeto-Rocketshoes/src/Pages/Home/index.js: {"insertSpaces":true}
Projeto-Rocketshoes/src/Pages/Home/index.js: {"insertSpaces":true}
Projeto-Rocketshoes/src/Pages/Home/index.js: {"insertSpaces":true}
Projeto-Rocketshoes/src/Pages/Home/index.js: {"insertSpaces":true}
Projeto-Rocketshoes/src/Pages/Home/index.js: {"insertSpaces":true}
Projeto-Rocketshoes/src/Pages/Home/index.js: {"insertSpaces":true}
Projeto-Rocketshoes/src/Pages/Home/index.js: Using EditorConfig core...
src/Pages/Home/index.js: setEndOfLine(LF)
src/Pages/Home/index.js: editor.action.trimTrailingWhitespace
Projeto-Rocketshoes/src/Pages/Home/index.js: {"insertSpaces":true}
Projeto-Rocketshoes/src/Pages/Home/index.js: Using EditorConfig core...
src/Pages/Home/index.js: setEndOfLine(LF)
src/Pages/Home/index.js: editor.action.trimTrailingWhitespace
Projeto-Rocketshoes/src/Pages/Home/index.js: {"insertSpaces":true}
Projeto-Rocketshoes/src/Pages/Home/index.js: Using EditorConfig core...
src/Pages/Home/index.js: setEndOfLine(LF)
src/Pages/Home/index.js: editor.action.trimTrailingWhitespace
Projeto-Rocketshoes/src/Pages/Home/index.js: {"insertSpaces":true}
Projeto-Rocketshoes/src/Pages/Home/index.js: {"insertSpaces":true}
Projeto-Rocketshoes/src/Pages/Home/index.js: {"insertSpaces":true}
Projeto-Rocketshoes/src/Pages/Home/index.js: Using EditorConfig core...
src/Pages/Home/index.js: setEndOfLine(LF)
src/Pages/Home/index.js: editor.action.trimTrailingWhitespace
Projeto-Rocketshoes/src/Pages/Home/index.js: Using EditorConfig core...
src/Pages/Home/index.js: setEndOfLine(LF)
src/Pages/Home/index.js: editor.action.trimTrailingWhitespace
Projeto-Rocketshoes/src/Pages/Home/index.js: {"insertSpaces":true}
Projeto-Rocketshoes/src/Pages/Home/index.js: Using EditorConfig core...
src/Pages/Home/index.js: setEndOfLine(LF)
src/Pages/Home/index.js: editor.action.trimTrailingWhitespace
Projeto-Rocketshoes/src/Pages/Home/index.js: {"insertSpaces":true}
Projeto-Rocketshoes/src/Pages/Home/index.js: Using EditorConfig core...
src/Pages/Home/index.js: setEndOfLine(LF)
src/Pages/Home/index.js: editor.action.trimTrailingWhitespace
Projeto-Rocketshoes/src/Pages/Home/index.js: Using EditorConfig core...
src/Pages/Home/index.js: setEndOfLine(LF)
src/Pages/Home/index.js: editor.action.trimTrailingWhitespace
Projeto-Rocketshoes/src/Pages/Home/index.js: {"insertSpaces":true}
Projeto-Rocketshoes/src/Pages/Home/index.js: {"insertSpaces":true}
Projeto-Rocketshoes/src/Pages/Home/index.js: Using EditorConfig core...
src/Pages/Home/index.js: setEndOfLine(LF)
src/Pages/Home/index.js: editor.action.trimTrailingWhitespace
Projeto-Rocketshoes/src/Pages/Home/index.js: {"insertSpaces":true}
Projeto-Rocketshoes/src/Pages/Home/index.js: {"insertSpaces":true}
Projeto-Rocketshoes/src/Pages/Home/index.js: Using EditorConfig core...
src/Pages/Home/index.js: setEndOfLine(LF)
src/Pages/Home/index.js: editor.action.trimTrailingWhitespace
Projeto-Rocketshoes/src/Pages/Home/index.js: {"insertSpaces":true}
Projeto-Rocketshoes/src/Pages/Home/index.js: {"insertSpaces":true}
Projeto-Rocketshoes/src/Pages/Home/index.js: {"insertSpaces":true}
Projeto-Rocketshoes/src/Pages/Home/index.js: Using EditorConfig core...
src/Pages/Home/index.js: setEndOfLine(LF)
src/Pages/Home/index.js: editor.action.trimTrailingWhitespace
Projeto-Rocketshoes/src/Pages/Home/index.js: {"insertSpaces":true}
Projeto-Rocketshoes/src/Pages/Home/index.js: {"insertSpaces":true}
Projeto-Rocketshoes/src/Pages/Home/index.js: Using EditorConfig core...
src/Pages/Home/index.js: setEndOfLine(LF)
src/Pages/Home/index.js: editor.action.trimTrailingWhitespace
Projeto-Rocketshoes/src/Pages/Home/index.js: {"insertSpaces":true}
Projeto-Rocketshoes/src/Pages/Home/index.js: Using EditorConfig core...
src/Pages/Home/index.js: setEndOfLine(LF)
src/Pages/Home/index.js: editor.action.trimTrailingWhitespace
Projeto-Rocketshoes/src/Pages/Home/index.js: {"insertSpaces":true}
Projeto-Rocketshoes/src/Pages/Home/index.js: {"insertSpaces":true}
Projeto-Rocketshoes/src/Pages/Home/index.js: {"insertSpaces":true}
Projeto-Rocketshoes/src/Pages/Home/index.js: {"insertSpaces":true}
Projeto-Rocketshoes/src/Pages/Home/index.js: Using EditorConfig core...
src/Pages/Home/index.js: setEndOfLine(LF)
src/Pages/Home/index.js: editor.action.trimTrailingWhitespace
Projeto-Rocketshoes/src/Pages/Home/index.js: {"insertSpaces":true}
Projeto-Rocketshoes/src/Pages/Home/index.js: {"insertSpaces":true}
