[2019-12-12 19:57:03.385] [renderer1] [error] <semantic> TypeScript Server Error (3.6.2)
Cannot read property 'parent' of undefined
TypeError: Cannot read property 'parent' of undefined
    at Object.deleteDeclaration (tsserver.js:115598:56)
    at _loop_9 (tsserver.js:115190:47)
    at ChangeTracker.finishDeleteDeclarations (tsserver.js:115197:21)
    at ChangeTracker.getChanges (tsserver.js:115217:22)
    at Function.ChangeTracker.with (tsserver.js:114754:32)
    at Object.getCodeActions (tsserver.js:119748:68)
    at tsserver.js:115774:121
    at Object.flatMap (tsserver.js:583:25)
    at Object.getFixes (tsserver.js:115774:23)
    at tsserver.js:125788:35
    at Object.flatMap (tsserver.js:583:25)
    at Object.getCodeFixesAtPosition (tsserver.js:125786:23)
    at Proxy.<anonymous> (/home/luis/.vscode/extensions/jpoissonnier.vscode-styled-components-0.0.27/node_modules/typescript-template-language-service-decorator/lib/template-language-service-decorator.js:144:20)
    at IOSession.Session.getCodeFixes (tsserver.js:134985:64)
    at Session.handlers.ts.createMapFromTemplate._a.(anonymous function) (tsserver.js:133772:61)
    at tsserver.js:135178:88
    at IOSession.Session.executeWithRequestId (tsserver.js:135169:28)
    at IOSession.Session.executeCommand (tsserver.js:135178:33)
    at IOSession.Session.onMessage (tsserver.js:135201:35)
    at Interface.<anonymous> (tsserver.js:136516:27)
    at Interface.emit (events.js:182:13)
    at Interface._onLine (readline.js:290:10)
    at Interface._normalWrite (readline.js:433:12)
    at Socket.ondata (readline.js:149:10)
    at Socket.emit (events.js:182:13)
    at addChunk (_stream_readable.js:283:12)
    at readableAddChunk (_stream_readable.js:264:11)
    at Socket.Readable.push (_stream_readable.js:219:10)
    at Pipe.onStreamRead [as onread] (internal/stream_base_commons.js:94:17): Error: <semantic> TypeScript Server Error (3.6.2)
Cannot read property 'parent' of undefined
TypeError: Cannot read property 'parent' of undefined
    at Object.deleteDeclaration (tsserver.js:115598:56)
    at _loop_9 (tsserver.js:115190:47)
    at ChangeTracker.finishDeleteDeclarations (tsserver.js:115197:21)
    at ChangeTracker.getChanges (tsserver.js:115217:22)
    at Function.ChangeTracker.with (tsserver.js:114754:32)
    at Object.getCodeActions (tsserver.js:119748:68)
    at tsserver.js:115774:121
    at Object.flatMap (tsserver.js:583:25)
    at Object.getFixes (tsserver.js:115774:23)
    at tsserver.js:125788:35
    at Object.flatMap (tsserver.js:583:25)
    at Object.getCodeFixesAtPosition (tsserver.js:125786:23)
    at Proxy.<anonymous> (/home/luis/.vscode/extensions/jpoissonnier.vscode-styled-components-0.0.27/node_modules/typescript-template-language-service-decorator/lib/template-language-service-decorator.js:144:20)
    at IOSession.Session.getCodeFixes (tsserver.js:134985:64)
    at Session.handlers.ts.createMapFromTemplate._a.(anonymous function) (tsserver.js:133772:61)
    at tsserver.js:135178:88
    at IOSession.Session.executeWithRequestId (tsserver.js:135169:28)
    at IOSession.Session.executeCommand (tsserver.js:135178:33)
    at IOSession.Session.onMessage (tsserver.js:135201:35)
    at Interface.<anonymous> (tsserver.js:136516:27)
    at Interface.emit (events.js:182:13)
    at Interface._onLine (readline.js:290:10)
    at Interface._normalWrite (readline.js:433:12)
    at Socket.ondata (readline.js:149:10)
    at Socket.emit (events.js:182:13)
    at addChunk (_stream_readable.js:283:12)
    at readableAddChunk (_stream_readable.js:264:11)
    at Socket.Readable.push (_stream_readable.js:219:10)
    at Pipe.onStreamRead [as onread] (internal/stream_base_commons.js:94:17)
	at Function.create (/usr/share/code/resources/app/extensions/typescript-language-features/dist/extension.js:53:63463)
	at h.dispatchResponse (/usr/share/code/resources/app/extensions/typescript-language-features/dist/extension.js:53:56618)
	at h.dispatchMessage (/usr/share/code/resources/app/extensions/typescript-language-features/dist/extension.js:53:55516)
	at constructor._reader.onData.e (/usr/share/code/resources/app/extensions/typescript-language-features/dist/extension.js:53:54992)
	at u.fire (/usr/share/code/resources/app/out/vs/workbench/services/extensions/node/extensionHostProcess.js:50:207)
	at t.Reader.onLengthData (/usr/share/code/resources/app/extensions/typescript-language-features/dist/extension.js:53:61683)
	at Socket.t.Reader.constructor.e.on.e (/usr/share/code/resources/app/extensions/typescript-language-features/dist/extension.js:53:61331)
	at Socket.emit (events.js:182:13)
	at addChunk (_stream_readable.js:283:12)
	at readableAddChunk (_stream_readable.js:264:11)
	at Socket.Readable.push (_stream_readable.js:219:10)
	at Pipe.onStreamRead [as onread] (internal/stream_base_commons.js:94:17)
