[2019-12-14 16:17:53.492] [exthost] [info] extension host started
[2019-12-14 16:17:53.539] [exthost] [info] ExtensionService#_doActivateExtension vscode.debug-auto-launch {"startup":true,"activationEvent":"*"}
[2019-12-14 16:17:53.539] [exthost] [info] ExtensionService#loadCommonJSModule file:///usr/share/code/resources/app/extensions/debug-auto-launch/dist/extension
[2019-12-14 16:17:53.579] [exthost] [info] ExtensionService#_doActivateExtension vscode.emmet {"startup":true,"activationEvent":"*"}
[2019-12-14 16:17:53.579] [exthost] [info] ExtensionService#loadCommonJSModule file:///usr/share/code/resources/app/extensions/emmet/dist/extension
[2019-12-14 16:17:53.772] [exthost] [info] ExtensionService#_doActivateExtension vscode.git {"startup":true,"activationEvent":"*"}
[2019-12-14 16:17:53.772] [exthost] [info] ExtensionService#loadCommonJSModule file:///usr/share/code/resources/app/extensions/git/dist/main
[2019-12-14 16:17:54.148] [exthost] [info] ExtensionService#_doActivateExtension vscode.merge-conflict {"startup":true,"activationEvent":"*"}
[2019-12-14 16:17:54.148] [exthost] [info] ExtensionService#loadCommonJSModule file:///usr/share/code/resources/app/extensions/merge-conflict/dist/extension
[2019-12-14 16:17:54.219] [exthost] [info] ExtensionService#_doActivateExtension dbaeumer.vscode-eslint {"startup":true,"activationEvent":"*"}
[2019-12-14 16:17:54.219] [exthost] [info] ExtensionService#loadCommonJSModule file:///home/luis/.vscode/extensions/dbaeumer.vscode-eslint-1.9.1/client/out/extension
[2019-12-14 16:17:54.342] [exthost] [info] ExtensionService#_doActivateExtension vscode-icons-team.vscode-icons {"startup":true,"activationEvent":"*"}
[2019-12-14 16:17:54.342] [exthost] [info] ExtensionService#loadCommonJSModule file:///home/luis/.vscode/extensions/vscode-icons-team.vscode-icons-9.6.0/dist/src/vscode-icons.bundle.js
[2019-12-14 16:17:54.540] [exthost] [info] eager extensions activated
[2019-12-14 16:18:46.256] [exthost] [info] extension host started
[2019-12-14 16:18:46.384] [exthost] [info] ExtensionService#_doActivateExtension vscode.debug-auto-launch {"startup":true,"activationEvent":"*"}
[2019-12-14 16:18:46.385] [exthost] [info] ExtensionService#loadCommonJSModule file:///usr/share/code/resources/app/extensions/debug-auto-launch/dist/extension
[2019-12-14 16:18:46.410] [exthost] [info] ExtensionService#_doActivateExtension vscode.emmet {"startup":true,"activationEvent":"*"}
[2019-12-14 16:18:46.411] [exthost] [info] ExtensionService#loadCommonJSModule file:///usr/share/code/resources/app/extensions/emmet/dist/extension
[2019-12-14 16:18:46.702] [exthost] [info] ExtensionService#_doActivateExtension vscode.git {"startup":true,"activationEvent":"*"}
[2019-12-14 16:18:46.702] [exthost] [info] ExtensionService#loadCommonJSModule file:///usr/share/code/resources/app/extensions/git/dist/main
[2019-12-14 16:18:47.249] [exthost] [info] ExtensionService#_doActivateExtension vscode.merge-conflict {"startup":true,"activationEvent":"*"}
[2019-12-14 16:18:47.249] [exthost] [info] ExtensionService#loadCommonJSModule file:///usr/share/code/resources/app/extensions/merge-conflict/dist/extension
[2019-12-14 16:18:47.268] [exthost] [info] ExtensionService#_doActivateExtension dbaeumer.vscode-eslint {"startup":true,"activationEvent":"*"}
[2019-12-14 16:18:47.268] [exthost] [info] ExtensionService#loadCommonJSModule file:///home/luis/.vscode/extensions/dbaeumer.vscode-eslint-1.9.1/client/out/extension
[2019-12-14 16:18:47.364] [exthost] [info] ExtensionService#_doActivateExtension vscode-icons-team.vscode-icons {"startup":true,"activationEvent":"*"}
[2019-12-14 16:18:47.365] [exthost] [info] ExtensionService#loadCommonJSModule file:///home/luis/.vscode/extensions/vscode-icons-team.vscode-icons-9.6.0/dist/src/vscode-icons.bundle.js
[2019-12-14 16:18:47.624] [exthost] [info] ExtensionService#_doActivateExtension vscode.npm {"startup":true,"activationEvent":"workspaceContains:package.json"}
[2019-12-14 16:18:47.624] [exthost] [info] ExtensionService#loadCommonJSModule file:///usr/share/code/resources/app/extensions/npm/dist/main
[2019-12-14 16:18:47.807] [exthost] [info] eager extensions activated
[2019-12-14 16:22:48.565] [exthost] [info] ExtensionService#_doActivateExtension vscode.typescript-language-features {"startup":false,"activationEvent":"onLanguage:javascript"}
[2019-12-14 16:22:48.565] [exthost] [info] ExtensionService#loadCommonJSModule file:///usr/share/code/resources/app/extensions/typescript-language-features/dist/extension
[2019-12-14 16:26:02.945] [exthost] [error] [vscode.typescript-language-features] provider FAILED
[2019-12-14 16:26:02.950] [exthost] [error] Error: <semantic> TypeScript Server Error (3.6.2)
Cannot read property 'emitNode' of undefined
TypeError: Cannot read property 'emitNode' of undefined
    at Object.getStartsOnNewLine (tsserver.js:65737:29)
    at shouldWriteSeparatingLineTerminator (tsserver.js:89620:27)
    at emitNodeList (tsserver.js:89405:29)
    at emitList (tsserver.js:89302:13)
    at Object.writeList (tsserver.js:86739:13)
    at tsserver.js:110859:29
    at Object.mapToDisplayParts (tsserver.js:100088:13)
    at itemInfoForParameters (tsserver.js:110856:41)
    at getSignatureHelpItem (tsserver.js:110822:95)
    at tsserver.js:110795:79
    at Array.map (<anonymous>)
    at createSignatureHelpItems (tsserver.js:110795:36)
    at tsserver.js:110387:23
    at Object.runWithCancellationToken (tsserver.js:32415:28)
    at Object.getSignatureHelpItems (tsserver.js:110385:32)
    at Proxy.getSignatureHelpItems (tsserver.js:125631:37)
    at IOSession.Session.getSignatureHelpItems (tsserver.js:134738:62)
    at Session.handlers.ts.createMapFromTemplate._a.(anonymous function) (tsserver.js:133666:61)
    at tsserver.js:135178:88
    at IOSession.Session.executeWithRequestId (tsserver.js:135169:28)
    at IOSession.Session.executeCommand (tsserver.js:135178:33)
    at IOSession.Session.onMessage (tsserver.js:135201:35)
    at Interface.<anonymous> (tsserver.js:136516:27)
    at Interface.emit (events.js:182:13)
    at Interface._onLine (readline.js:290:10)
    at Interface._normalWrite (readline.js:433:12)
    at Socket.ondata (readline.js:149:10)
    at Socket.emit (events.js:182:13)
    at addChunk (_stream_readable.js:283:12)
    at readableAddChunk (_stream_readable.js:264:11)
    at Socket.Readable.push (_stream_readable.js:219:10)
    at Pipe.onStreamRead [as onread] (internal/stream_base_commons.js:94:17)
	at Function.create (/usr/share/code/resources/app/extensions/typescript-language-features/dist/extension.js:53:63463)
	at h.dispatchResponse (/usr/share/code/resources/app/extensions/typescript-language-features/dist/extension.js:53:56618)
	at h.dispatchMessage (/usr/share/code/resources/app/extensions/typescript-language-features/dist/extension.js:53:55516)
	at constructor._reader.onData.e (/usr/share/code/resources/app/extensions/typescript-language-features/dist/extension.js:53:54992)
	at u.fire (/usr/share/code/resources/app/out/vs/workbench/services/extensions/node/extensionHostProcess.js:50:207)
	at t.Reader.onLengthData (/usr/share/code/resources/app/extensions/typescript-language-features/dist/extension.js:53:61683)
	at Socket.t.Reader.constructor.e.on.e (/usr/share/code/resources/app/extensions/typescript-language-features/dist/extension.js:53:61331)
	at Socket.emit (events.js:182:13)
	at addChunk (_stream_readable.js:283:12)
	at readableAddChunk (_stream_readable.js:264:11)
	at Socket.Readable.push (_stream_readable.js:219:10)
	at Pipe.onStreamRead [as onread] (internal/stream_base_commons.js:94:17)
[2019-12-14 16:27:22.169] [exthost] [error] [vscode.typescript-language-features] provider FAILED
[2019-12-14 16:27:22.169] [exthost] [error] Error: DisposableStore is missing...
	at R._convertCompletionItem (/usr/share/code/resources/app/out/vs/workbench/services/extensions/node/extensionHostProcess.js:559:660)
	at define.resolveCompletionItem.o.asPromise.then.e (/usr/share/code/resources/app/out/vs/workbench/services/extensions/node/extensionHostProcess.js:559:290)
[2019-12-14 16:27:27.923] [exthost] [error] [vscode.typescript-language-features] provider FAILED
[2019-12-14 16:27:27.923] [exthost] [error] Error: <semantic> TypeScript Server Error (3.6.2)
Cannot read property 'emitNode' of undefined
TypeError: Cannot read property 'emitNode' of undefined
    at Object.getCommentRange (tsserver.js:65754:29)
    at emitNodeList (tsserver.js:89423:51)
    at emitList (tsserver.js:89302:13)
    at Object.writeList (tsserver.js:86739:13)
    at tsserver.js:110859:29
    at Object.mapToDisplayParts (tsserver.js:100088:13)
    at itemInfoForParameters (tsserver.js:110856:41)
    at getSignatureHelpItem (tsserver.js:110822:95)
    at tsserver.js:110795:79
    at Array.map (<anonymous>)
    at createSignatureHelpItems (tsserver.js:110795:36)
    at tsserver.js:110387:23
    at Object.runWithCancellationToken (tsserver.js:32415:28)
    at Object.getSignatureHelpItems (tsserver.js:110385:32)
    at Proxy.getSignatureHelpItems (tsserver.js:125631:37)
    at IOSession.Session.getSignatureHelpItems (tsserver.js:134738:62)
    at Session.handlers.ts.createMapFromTemplate._a.(anonymous function) (tsserver.js:133666:61)
    at tsserver.js:135178:88
    at IOSession.Session.executeWithRequestId (tsserver.js:135169:28)
    at IOSession.Session.executeCommand (tsserver.js:135178:33)
    at IOSession.Session.onMessage (tsserver.js:135201:35)
    at Interface.<anonymous> (tsserver.js:136516:27)
    at Interface.emit (events.js:182:13)
    at Interface._onLine (readline.js:290:10)
    at Interface._normalWrite (readline.js:433:12)
    at Socket.ondata (readline.js:149:10)
    at Socket.emit (events.js:182:13)
    at addChunk (_stream_readable.js:283:12)
    at readableAddChunk (_stream_readable.js:264:11)
    at Socket.Readable.push (_stream_readable.js:219:10)
    at Pipe.onStreamRead [as onread] (internal/stream_base_commons.js:94:17)
	at Function.create (/usr/share/code/resources/app/extensions/typescript-language-features/dist/extension.js:53:63463)
	at h.dispatchResponse (/usr/share/code/resources/app/extensions/typescript-language-features/dist/extension.js:53:56618)
	at h.dispatchMessage (/usr/share/code/resources/app/extensions/typescript-language-features/dist/extension.js:53:55516)
	at constructor._reader.onData.e (/usr/share/code/resources/app/extensions/typescript-language-features/dist/extension.js:53:54992)
	at u.fire (/usr/share/code/resources/app/out/vs/workbench/services/extensions/node/extensionHostProcess.js:50:207)
	at t.Reader.onLengthData (/usr/share/code/resources/app/extensions/typescript-language-features/dist/extension.js:53:61683)
	at Socket.t.Reader.constructor.e.on.e (/usr/share/code/resources/app/extensions/typescript-language-features/dist/extension.js:53:61331)
	at Socket.emit (events.js:182:13)
	at addChunk (_stream_readable.js:283:12)
	at readableAddChunk (_stream_readable.js:264:11)
	at Socket.Readable.push (_stream_readable.js:219:10)
	at Pipe.onStreamRead [as onread] (internal/stream_base_commons.js:94:17)
[2019-12-14 16:27:30.082] [exthost] [info] ExtensionService#_doActivateExtension vscode.extension-editing {"startup":false,"activationEvent":"onLanguage:typescript"}
[2019-12-14 16:27:30.082] [exthost] [info] ExtensionService#loadCommonJSModule file:///usr/share/code/resources/app/extensions/extension-editing/dist/extension
[2019-12-14 16:32:02.150] [exthost] [info] ExtensionService#_doActivateExtension vscode.configuration-editing {"startup":false,"activationEvent":"onLanguage:jsonc"}
[2019-12-14 16:32:02.150] [exthost] [info] ExtensionService#loadCommonJSModule file:///usr/share/code/resources/app/extensions/configuration-editing/dist/extension
[2019-12-14 16:32:02.290] [exthost] [info] ExtensionService#_doActivateExtension vscode.json-language-features {"startup":false,"activationEvent":"onLanguage:jsonc"}
[2019-12-14 16:32:02.290] [exthost] [info] ExtensionService#loadCommonJSModule file:///usr/share/code/resources/app/extensions/json-language-features/client/dist/jsonMain
[2019-12-14 16:38:11.360] [exthost] [error] [vscode.typescript-language-features] provider FAILED
[2019-12-14 16:38:11.360] [exthost] [error] Error: <semantic> TypeScript Server Error (3.6.2)
Cannot read property 'parent' of undefined
TypeError: Cannot read property 'parent' of undefined
    at Object.deleteDeclaration (tsserver.js:115598:56)
    at _loop_9 (tsserver.js:115190:47)
    at ChangeTracker.finishDeleteDeclarations (tsserver.js:115197:21)
    at ChangeTracker.getChanges (tsserver.js:115217:22)
    at Function.ChangeTracker.with (tsserver.js:114754:32)
    at Object.getCodeActions (tsserver.js:119748:68)
    at tsserver.js:115774:121
    at Object.flatMap (tsserver.js:583:25)
    at Object.getFixes (tsserver.js:115774:23)
    at tsserver.js:125788:35
    at Object.flatMap (tsserver.js:583:25)
    at Object.getCodeFixesAtPosition (tsserver.js:125786:23)
    at Proxy.<anonymous> (/home/luis/.vscode/extensions/jpoissonnier.vscode-styled-components-0.0.27/node_modules/typescript-template-language-service-decorator/lib/template-language-service-decorator.js:144:20)
    at IOSession.Session.getCodeFixes (tsserver.js:134985:64)
    at Session.handlers.ts.createMapFromTemplate._a.(anonymous function) (tsserver.js:133772:61)
    at tsserver.js:135178:88
    at IOSession.Session.executeWithRequestId (tsserver.js:135169:28)
    at IOSession.Session.executeCommand (tsserver.js:135178:33)
    at IOSession.Session.onMessage (tsserver.js:135201:35)
    at Interface.<anonymous> (tsserver.js:136516:27)
    at Interface.emit (events.js:182:13)
    at Interface._onLine (readline.js:290:10)
    at Interface._normalWrite (readline.js:433:12)
    at Socket.ondata (readline.js:149:10)
    at Socket.emit (events.js:182:13)
    at addChunk (_stream_readable.js:283:12)
    at readableAddChunk (_stream_readable.js:264:11)
    at Socket.Readable.push (_stream_readable.js:219:10)
    at Pipe.onStreamRead [as onread] (internal/stream_base_commons.js:94:17)
	at Function.create (/usr/share/code/resources/app/extensions/typescript-language-features/dist/extension.js:53:63463)
	at h.dispatchResponse (/usr/share/code/resources/app/extensions/typescript-language-features/dist/extension.js:53:56618)
	at h.dispatchMessage (/usr/share/code/resources/app/extensions/typescript-language-features/dist/extension.js:53:55516)
	at constructor._reader.onData.e (/usr/share/code/resources/app/extensions/typescript-language-features/dist/extension.js:53:54992)
	at u.fire (/usr/share/code/resources/app/out/vs/workbench/services/extensions/node/extensionHostProcess.js:50:207)
	at t.Reader.onLengthData (/usr/share/code/resources/app/extensions/typescript-language-features/dist/extension.js:53:61683)
	at Socket.t.Reader.constructor.e.on.e (/usr/share/code/resources/app/extensions/typescript-language-features/dist/extension.js:53:61331)
	at Socket.emit (events.js:182:13)
	at addChunk (_stream_readable.js:283:12)
	at readableAddChunk (_stream_readable.js:264:11)
	at Socket.Readable.push (_stream_readable.js:219:10)
	at Pipe.onStreamRead [as onread] (internal/stream_base_commons.js:94:17)
[2019-12-14 16:39:39.751] [exthost] [error] [vscode.typescript-language-features] provider FAILED
[2019-12-14 16:39:39.751] [exthost] [error] Error: <semantic> TypeScript Server Error (3.6.2)
Cannot read property 'emitNode' of undefined
TypeError: Cannot read property 'emitNode' of undefined
    at Object.getStartsOnNewLine (tsserver.js:65737:29)
    at shouldWriteSeparatingLineTerminator (tsserver.js:89620:27)
    at emitNodeList (tsserver.js:89405:29)
    at emitList (tsserver.js:89302:13)
    at Object.writeList (tsserver.js:86739:13)
    at tsserver.js:110859:29
    at Object.mapToDisplayParts (tsserver.js:100088:13)
    at itemInfoForParameters (tsserver.js:110856:41)
    at getSignatureHelpItem (tsserver.js:110822:95)
    at tsserver.js:110795:79
    at Array.map (<anonymous>)
    at createSignatureHelpItems (tsserver.js:110795:36)
    at tsserver.js:110387:23
    at Object.runWithCancellationToken (tsserver.js:32415:28)
    at Object.getSignatureHelpItems (tsserver.js:110385:32)
    at Proxy.getSignatureHelpItems (tsserver.js:125631:37)
    at IOSession.Session.getSignatureHelpItems (tsserver.js:134738:62)
    at Session.handlers.ts.createMapFromTemplate._a.(anonymous function) (tsserver.js:133666:61)
    at tsserver.js:135178:88
    at IOSession.Session.executeWithRequestId (tsserver.js:135169:28)
    at IOSession.Session.executeCommand (tsserver.js:135178:33)
    at IOSession.Session.onMessage (tsserver.js:135201:35)
    at Interface.<anonymous> (tsserver.js:136516:27)
    at Interface.emit (events.js:182:13)
    at Interface._onLine (readline.js:290:10)
    at Interface._normalWrite (readline.js:433:12)
    at Socket.ondata (readline.js:149:10)
    at Socket.emit (events.js:182:13)
    at addChunk (_stream_readable.js:283:12)
    at readableAddChunk (_stream_readable.js:264:11)
    at Socket.Readable.push (_stream_readable.js:219:10)
    at Pipe.onStreamRead [as onread] (internal/stream_base_commons.js:94:17)
	at Function.create (/usr/share/code/resources/app/extensions/typescript-language-features/dist/extension.js:53:63463)
	at h.dispatchResponse (/usr/share/code/resources/app/extensions/typescript-language-features/dist/extension.js:53:56618)
	at h.dispatchMessage (/usr/share/code/resources/app/extensions/typescript-language-features/dist/extension.js:53:55516)
	at constructor._reader.onData.e (/usr/share/code/resources/app/extensions/typescript-language-features/dist/extension.js:53:54992)
	at u.fire (/usr/share/code/resources/app/out/vs/workbench/services/extensions/node/extensionHostProcess.js:50:207)
	at t.Reader.onLengthData (/usr/share/code/resources/app/extensions/typescript-language-features/dist/extension.js:53:61683)
	at Socket.t.Reader.constructor.e.on.e (/usr/share/code/resources/app/extensions/typescript-language-features/dist/extension.js:53:61331)
	at Socket.emit (events.js:182:13)
	at addChunk (_stream_readable.js:283:12)
	at readableAddChunk (_stream_readable.js:264:11)
	at Socket.Readable.push (_stream_readable.js:219:10)
	at Pipe.onStreamRead [as onread] (internal/stream_base_commons.js:94:17)
[2019-12-14 16:39:52.889] [exthost] [error] [vscode.typescript-language-features] provider FAILED
[2019-12-14 16:39:52.889] [exthost] [error] Error: <semantic> TypeScript Server Error (3.6.2)
Cannot read property 'emitNode' of undefined
TypeError: Cannot read property 'emitNode' of undefined
    at Object.getStartsOnNewLine (tsserver.js:65737:29)
    at shouldWriteSeparatingLineTerminator (tsserver.js:89620:27)
    at emitNodeList (tsserver.js:89405:29)
    at emitList (tsserver.js:89302:13)
    at Object.writeList (tsserver.js:86739:13)
    at tsserver.js:110859:29
    at Object.mapToDisplayParts (tsserver.js:100088:13)
    at itemInfoForParameters (tsserver.js:110856:41)
    at getSignatureHelpItem (tsserver.js:110822:95)
    at tsserver.js:110795:79
    at Array.map (<anonymous>)
    at createSignatureHelpItems (tsserver.js:110795:36)
    at tsserver.js:110454:120
    at Object.runWithCancellationToken (tsserver.js:32415:28)
    at tsserver.js:110454:44
    at Object.firstDefined (tsserver.js:315:26)
    at tsserver.js:110450:27
    at Object.firstDefined (tsserver.js:315:26)
    at createJSSignatureHelpItems (tsserver.js:110449:56)
    at Object.getSignatureHelpItems (tsserver.js:110383:56)
    at Proxy.getSignatureHelpItems (tsserver.js:125631:37)
    at IOSession.Session.getSignatureHelpItems (tsserver.js:134738:62)
    at Session.handlers.ts.createMapFromTemplate._a.(anonymous function) (tsserver.js:133666:61)
    at tsserver.js:135178:88
    at IOSession.Session.executeWithRequestId (tsserver.js:135169:28)
    at IOSession.Session.executeCommand (tsserver.js:135178:33)
    at IOSession.Session.onMessage (tsserver.js:135201:35)
    at Interface.<anonymous> (tsserver.js:136516:27)
    at Interface.emit (events.js:182:13)
    at Interface._onLine (readline.js:290:10)
    at Interface._normalWrite (readline.js:433:12)
    at Socket.ondata (readline.js:149:10)
    at Socket.emit (events.js:182:13)
    at addChunk (_stream_readable.js:283:12)
    at readableAddChunk (_stream_readable.js:264:11)
    at Socket.Readable.push (_stream_readable.js:219:10)
    at Pipe.onStreamRead [as onread] (internal/stream_base_commons.js:94:17)
	at Function.create (/usr/share/code/resources/app/extensions/typescript-language-features/dist/extension.js:53:63463)
	at h.dispatchResponse (/usr/share/code/resources/app/extensions/typescript-language-features/dist/extension.js:53:56618)
	at h.dispatchMessage (/usr/share/code/resources/app/extensions/typescript-language-features/dist/extension.js:53:55516)
	at constructor._reader.onData.e (/usr/share/code/resources/app/extensions/typescript-language-features/dist/extension.js:53:54992)
	at u.fire (/usr/share/code/resources/app/out/vs/workbench/services/extensions/node/extensionHostProcess.js:50:207)
	at t.Reader.onLengthData (/usr/share/code/resources/app/extensions/typescript-language-features/dist/extension.js:53:61683)
	at Socket.t.Reader.constructor.e.on.e (/usr/share/code/resources/app/extensions/typescript-language-features/dist/extension.js:53:61331)
	at Socket.emit (events.js:182:13)
	at addChunk (_stream_readable.js:283:12)
	at readableAddChunk (_stream_readable.js:264:11)
	at Socket.Readable.push (_stream_readable.js:219:10)
	at Pipe.onStreamRead [as onread] (internal/stream_base_commons.js:94:17)
[2019-12-14 17:34:39.183] [exthost] [error] [vscode.typescript-language-features] provider FAILED
[2019-12-14 17:34:39.184] [exthost] [error] Error: <semantic> TypeScript Server Error (3.6.2)
Cannot read property 'parent' of undefined
TypeError: Cannot read property 'parent' of undefined
    at Object.deleteDeclaration (tsserver.js:115598:56)
    at _loop_9 (tsserver.js:115190:47)
    at ChangeTracker.finishDeleteDeclarations (tsserver.js:115197:21)
    at ChangeTracker.getChanges (tsserver.js:115217:22)
    at Function.ChangeTracker.with (tsserver.js:114754:32)
    at Object.getCodeActions (tsserver.js:119748:68)
    at tsserver.js:115774:121
    at Object.flatMap (tsserver.js:583:25)
    at Object.getFixes (tsserver.js:115774:23)
    at tsserver.js:125788:35
    at Object.flatMap (tsserver.js:583:25)
    at Object.getCodeFixesAtPosition (tsserver.js:125786:23)
    at Proxy.<anonymous> (/home/luis/.vscode/extensions/jpoissonnier.vscode-styled-components-0.0.27/node_modules/typescript-template-language-service-decorator/lib/template-language-service-decorator.js:144:20)
    at IOSession.Session.getCodeFixes (tsserver.js:134985:64)
    at Session.handlers.ts.createMapFromTemplate._a.(anonymous function) (tsserver.js:133772:61)
    at tsserver.js:135178:88
    at IOSession.Session.executeWithRequestId (tsserver.js:135169:28)
    at IOSession.Session.executeCommand (tsserver.js:135178:33)
    at IOSession.Session.onMessage (tsserver.js:135201:35)
    at Interface.<anonymous> (tsserver.js:136516:27)
    at Interface.emit (events.js:182:13)
    at Interface._onLine (readline.js:290:10)
    at Interface._normalWrite (readline.js:433:12)
    at Socket.ondata (readline.js:149:10)
    at Socket.emit (events.js:182:13)
    at addChunk (_stream_readable.js:283:12)
    at readableAddChunk (_stream_readable.js:264:11)
    at Socket.Readable.push (_stream_readable.js:219:10)
    at Pipe.onStreamRead [as onread] (internal/stream_base_commons.js:94:17)
	at Function.create (/usr/share/code/resources/app/extensions/typescript-language-features/dist/extension.js:53:63463)
	at h.dispatchResponse (/usr/share/code/resources/app/extensions/typescript-language-features/dist/extension.js:53:56618)
	at h.dispatchMessage (/usr/share/code/resources/app/extensions/typescript-language-features/dist/extension.js:53:55516)
	at constructor._reader.onData.e (/usr/share/code/resources/app/extensions/typescript-language-features/dist/extension.js:53:54992)
	at u.fire (/usr/share/code/resources/app/out/vs/workbench/services/extensions/node/extensionHostProcess.js:50:207)
	at t.Reader.onLengthData (/usr/share/code/resources/app/extensions/typescript-language-features/dist/extension.js:53:61683)
	at Socket.t.Reader.constructor.e.on.e (/usr/share/code/resources/app/extensions/typescript-language-features/dist/extension.js:53:61331)
	at Socket.emit (events.js:182:13)
	at addChunk (_stream_readable.js:283:12)
	at readableAddChunk (_stream_readable.js:264:11)
	at Socket.Readable.push (_stream_readable.js:219:10)
	at Pipe.onStreamRead [as onread] (internal/stream_base_commons.js:94:17)
[2019-12-14 17:37:51.740] [exthost] [error] [vscode.typescript-language-features] provider FAILED
[2019-12-14 17:37:51.740] [exthost] [error] {"label":"Acquiring typings...","detail":"Acquiring typings definitions for IntelliSense."}
[2019-12-14 17:38:01.019] [exthost] [error] [vscode.typescript-language-features] provider FAILED
[2019-12-14 17:38:01.019] [exthost] [error] {"label":"Acquiring typings...","detail":"Acquiring typings definitions for IntelliSense."}
[2019-12-14 17:38:01.765] [exthost] [error] [vscode.typescript-language-features] provider FAILED
[2019-12-14 17:38:01.765] [exthost] [error] {"label":"Acquiring typings...","detail":"Acquiring typings definitions for IntelliSense."}
[2019-12-14 17:38:03.482] [exthost] [error] [vscode.typescript-language-features] provider FAILED
[2019-12-14 17:38:03.483] [exthost] [error] {"label":"Acquiring typings...","detail":"Acquiring typings definitions for IntelliSense."}
[2019-12-14 17:38:04.258] [exthost] [error] [vscode.typescript-language-features] provider FAILED
[2019-12-14 17:38:04.258] [exthost] [error] {"label":"Acquiring typings...","detail":"Acquiring typings definitions for IntelliSense."}
[2019-12-14 17:48:50.371] [exthost] [error] [vscode.typescript-language-features] provider FAILED
[2019-12-14 17:48:50.371] [exthost] [error] Error: <semantic> TypeScript Server Error (3.6.2)
Cannot read property 'emitNode' of undefined
TypeError: Cannot read property 'emitNode' of undefined
    at Object.getStartsOnNewLine (tsserver.js:65737:29)
    at shouldWriteSeparatingLineTerminator (tsserver.js:89620:27)
    at emitNodeList (tsserver.js:89405:29)
    at emitList (tsserver.js:89302:13)
    at Object.writeList (tsserver.js:86739:13)
    at tsserver.js:110859:29
    at Object.mapToDisplayParts (tsserver.js:100088:13)
    at itemInfoForParameters (tsserver.js:110856:41)
    at getSignatureHelpItem (tsserver.js:110822:95)
    at tsserver.js:110795:79
    at Array.map (<anonymous>)
    at createSignatureHelpItems (tsserver.js:110795:36)
    at tsserver.js:110387:23
    at Object.runWithCancellationToken (tsserver.js:32415:28)
    at Object.getSignatureHelpItems (tsserver.js:110385:32)
    at Proxy.getSignatureHelpItems (tsserver.js:125631:37)
    at IOSession.Session.getSignatureHelpItems (tsserver.js:134738:62)
    at Session.handlers.ts.createMapFromTemplate._a.(anonymous function) (tsserver.js:133666:61)
    at tsserver.js:135178:88
    at IOSession.Session.executeWithRequestId (tsserver.js:135169:28)
    at IOSession.Session.executeCommand (tsserver.js:135178:33)
    at IOSession.Session.onMessage (tsserver.js:135201:35)
    at Interface.<anonymous> (tsserver.js:136516:27)
    at Interface.emit (events.js:182:13)
    at Interface._onLine (readline.js:290:10)
    at Interface._normalWrite (readline.js:433:12)
    at Socket.ondata (readline.js:149:10)
    at Socket.emit (events.js:182:13)
    at addChunk (_stream_readable.js:283:12)
    at readableAddChunk (_stream_readable.js:264:11)
    at Socket.Readable.push (_stream_readable.js:219:10)
    at Pipe.onStreamRead [as onread] (internal/stream_base_commons.js:94:17)
	at Function.create (/usr/share/code/resources/app/extensions/typescript-language-features/dist/extension.js:53:63463)
	at h.dispatchResponse (/usr/share/code/resources/app/extensions/typescript-language-features/dist/extension.js:53:56618)
	at h.dispatchMessage (/usr/share/code/resources/app/extensions/typescript-language-features/dist/extension.js:53:55516)
	at constructor._reader.onData.e (/usr/share/code/resources/app/extensions/typescript-language-features/dist/extension.js:53:54992)
	at u.fire (/usr/share/code/resources/app/out/vs/workbench/services/extensions/node/extensionHostProcess.js:50:207)
	at t.Reader.onLengthData (/usr/share/code/resources/app/extensions/typescript-language-features/dist/extension.js:53:61683)
	at Socket.t.Reader.constructor.e.on.e (/usr/share/code/resources/app/extensions/typescript-language-features/dist/extension.js:53:61331)
	at Socket.emit (events.js:182:13)
	at addChunk (_stream_readable.js:283:12)
	at readableAddChunk (_stream_readable.js:264:11)
	at Socket.Readable.push (_stream_readable.js:219:10)
	at Pipe.onStreamRead [as onread] (internal/stream_base_commons.js:94:17)
[2019-12-14 18:50:16.101] [exthost] [error] [vscode.typescript-language-features] provider FAILED
[2019-12-14 18:50:16.102] [exthost] [error] Error: <semantic> TypeScript Server Error (3.6.2)
Cannot read property 'emitNode' of undefined
TypeError: Cannot read property 'emitNode' of undefined
    at Object.getStartsOnNewLine (tsserver.js:65737:29)
    at shouldWriteSeparatingLineTerminator (tsserver.js:89620:27)
    at emitNodeList (tsserver.js:89405:29)
    at emitList (tsserver.js:89302:13)
    at Object.writeList (tsserver.js:86739:13)
    at tsserver.js:110859:29
    at Object.mapToDisplayParts (tsserver.js:100088:13)
    at itemInfoForParameters (tsserver.js:110856:41)
    at getSignatureHelpItem (tsserver.js:110822:95)
    at tsserver.js:110795:79
    at Array.map (<anonymous>)
    at createSignatureHelpItems (tsserver.js:110795:36)
    at tsserver.js:110387:23
    at Object.runWithCancellationToken (tsserver.js:32415:28)
    at Object.getSignatureHelpItems (tsserver.js:110385:32)
    at Proxy.getSignatureHelpItems (tsserver.js:125631:37)
    at IOSession.Session.getSignatureHelpItems (tsserver.js:134738:62)
    at Session.handlers.ts.createMapFromTemplate._a.(anonymous function) (tsserver.js:133666:61)
    at tsserver.js:135178:88
    at IOSession.Session.executeWithRequestId (tsserver.js:135169:28)
    at IOSession.Session.executeCommand (tsserver.js:135178:33)
    at IOSession.Session.onMessage (tsserver.js:135201:35)
    at Interface.<anonymous> (tsserver.js:136516:27)
    at Interface.emit (events.js:182:13)
    at Interface._onLine (readline.js:290:10)
    at Interface._normalWrite (readline.js:433:12)
    at Socket.ondata (readline.js:149:10)
    at Socket.emit (events.js:182:13)
    at addChunk (_stream_readable.js:283:12)
    at readableAddChunk (_stream_readable.js:264:11)
    at Socket.Readable.push (_stream_readable.js:219:10)
    at Pipe.onStreamRead [as onread] (internal/stream_base_commons.js:94:17)
	at Function.create (/usr/share/code/resources/app/extensions/typescript-language-features/dist/extension.js:53:63463)
	at h.dispatchResponse (/usr/share/code/resources/app/extensions/typescript-language-features/dist/extension.js:53:56618)
	at h.dispatchMessage (/usr/share/code/resources/app/extensions/typescript-language-features/dist/extension.js:53:55516)
	at constructor._reader.onData.e (/usr/share/code/resources/app/extensions/typescript-language-features/dist/extension.js:53:54992)
	at u.fire (/usr/share/code/resources/app/out/vs/workbench/services/extensions/node/extensionHostProcess.js:50:207)
	at t.Reader.onLengthData (/usr/share/code/resources/app/extensions/typescript-language-features/dist/extension.js:53:61683)
	at Socket.t.Reader.constructor.e.on.e (/usr/share/code/resources/app/extensions/typescript-language-features/dist/extension.js:53:61331)
	at Socket.emit (events.js:182:13)
	at addChunk (_stream_readable.js:283:12)
	at readableAddChunk (_stream_readable.js:264:11)
	at Socket.Readable.push (_stream_readable.js:219:10)
	at Pipe.onStreamRead [as onread] (internal/stream_base_commons.js:94:17)
[2019-12-14 18:50:24.107] [exthost] [error] [vscode.typescript-language-features] provider FAILED
[2019-12-14 18:50:24.109] [exthost] [error] Error: <semantic> TypeScript Server Error (3.6.2)
Cannot read property 'emitNode' of undefined
TypeError: Cannot read property 'emitNode' of undefined
    at Object.getStartsOnNewLine (tsserver.js:65737:29)
    at shouldWriteSeparatingLineTerminator (tsserver.js:89620:27)
    at emitNodeList (tsserver.js:89405:29)
    at emitList (tsserver.js:89302:13)
    at Object.writeList (tsserver.js:86739:13)
    at tsserver.js:110859:29
    at Object.mapToDisplayParts (tsserver.js:100088:13)
    at itemInfoForParameters (tsserver.js:110856:41)
    at getSignatureHelpItem (tsserver.js:110822:95)
    at tsserver.js:110795:79
    at Array.map (<anonymous>)
    at createSignatureHelpItems (tsserver.js:110795:36)
    at tsserver.js:110387:23
    at Object.runWithCancellationToken (tsserver.js:32415:28)
    at Object.getSignatureHelpItems (tsserver.js:110385:32)
    at Proxy.getSignatureHelpItems (tsserver.js:125631:37)
    at IOSession.Session.getSignatureHelpItems (tsserver.js:134738:62)
    at Session.handlers.ts.createMapFromTemplate._a.(anonymous function) (tsserver.js:133666:61)
    at tsserver.js:135178:88
    at IOSession.Session.executeWithRequestId (tsserver.js:135169:28)
    at IOSession.Session.executeCommand (tsserver.js:135178:33)
    at IOSession.Session.onMessage (tsserver.js:135201:35)
    at Interface.<anonymous> (tsserver.js:136516:27)
    at Interface.emit (events.js:182:13)
    at Interface._onLine (readline.js:290:10)
    at Interface._normalWrite (readline.js:433:12)
    at Socket.ondata (readline.js:149:10)
    at Socket.emit (events.js:182:13)
    at addChunk (_stream_readable.js:283:12)
    at readableAddChunk (_stream_readable.js:264:11)
    at Socket.Readable.push (_stream_readable.js:219:10)
    at Pipe.onStreamRead [as onread] (internal/stream_base_commons.js:94:17)
	at Function.create (/usr/share/code/resources/app/extensions/typescript-language-features/dist/extension.js:53:63463)
	at h.dispatchResponse (/usr/share/code/resources/app/extensions/typescript-language-features/dist/extension.js:53:56618)
	at h.dispatchMessage (/usr/share/code/resources/app/extensions/typescript-language-features/dist/extension.js:53:55516)
	at constructor._reader.onData.e (/usr/share/code/resources/app/extensions/typescript-language-features/dist/extension.js:53:54992)
	at u.fire (/usr/share/code/resources/app/out/vs/workbench/services/extensions/node/extensionHostProcess.js:50:207)
	at t.Reader.onLengthData (/usr/share/code/resources/app/extensions/typescript-language-features/dist/extension.js:53:61683)
	at Socket.t.Reader.constructor.e.on.e (/usr/share/code/resources/app/extensions/typescript-language-features/dist/extension.js:53:61331)
	at Socket.emit (events.js:182:13)
	at addChunk (_stream_readable.js:283:12)
	at readableAddChunk (_stream_readable.js:264:11)
	at Socket.Readable.push (_stream_readable.js:219:10)
	at Pipe.onStreamRead [as onread] (internal/stream_base_commons.js:94:17)
[2019-12-14 18:51:24.834] [exthost] [error] [vscode.typescript-language-features] provider FAILED
[2019-12-14 18:51:24.835] [exthost] [error] Error: <semantic> TypeScript Server Error (3.6.2)
Cannot read property 'emitNode' of undefined
TypeError: Cannot read property 'emitNode' of undefined
    at Object.getStartsOnNewLine (tsserver.js:65737:29)
    at shouldWriteSeparatingLineTerminator (tsserver.js:89620:27)
    at emitNodeList (tsserver.js:89405:29)
    at emitList (tsserver.js:89302:13)
    at Object.writeList (tsserver.js:86739:13)
    at tsserver.js:110859:29
    at Object.mapToDisplayParts (tsserver.js:100088:13)
    at itemInfoForParameters (tsserver.js:110856:41)
    at getSignatureHelpItem (tsserver.js:110822:95)
    at tsserver.js:110795:79
    at Array.map (<anonymous>)
    at createSignatureHelpItems (tsserver.js:110795:36)
    at tsserver.js:110387:23
    at Object.runWithCancellationToken (tsserver.js:32415:28)
    at Object.getSignatureHelpItems (tsserver.js:110385:32)
    at Proxy.getSignatureHelpItems (tsserver.js:125631:37)
    at IOSession.Session.getSignatureHelpItems (tsserver.js:134738:62)
    at Session.handlers.ts.createMapFromTemplate._a.(anonymous function) (tsserver.js:133666:61)
    at tsserver.js:135178:88
    at IOSession.Session.executeWithRequestId (tsserver.js:135169:28)
    at IOSession.Session.executeCommand (tsserver.js:135178:33)
    at IOSession.Session.onMessage (tsserver.js:135201:35)
    at Interface.<anonymous> (tsserver.js:136516:27)
    at Interface.emit (events.js:182:13)
    at Interface._onLine (readline.js:290:10)
    at Interface._normalWrite (readline.js:433:12)
    at Socket.ondata (readline.js:149:10)
    at Socket.emit (events.js:182:13)
    at addChunk (_stream_readable.js:283:12)
    at readableAddChunk (_stream_readable.js:264:11)
    at Socket.Readable.push (_stream_readable.js:219:10)
    at Pipe.onStreamRead [as onread] (internal/stream_base_commons.js:94:17)
	at Function.create (/usr/share/code/resources/app/extensions/typescript-language-features/dist/extension.js:53:63463)
	at h.dispatchResponse (/usr/share/code/resources/app/extensions/typescript-language-features/dist/extension.js:53:56618)
	at h.dispatchMessage (/usr/share/code/resources/app/extensions/typescript-language-features/dist/extension.js:53:55516)
	at constructor._reader.onData.e (/usr/share/code/resources/app/extensions/typescript-language-features/dist/extension.js:53:54992)
	at u.fire (/usr/share/code/resources/app/out/vs/workbench/services/extensions/node/extensionHostProcess.js:50:207)
	at t.Reader.onLengthData (/usr/share/code/resources/app/extensions/typescript-language-features/dist/extension.js:53:61683)
	at Socket.t.Reader.constructor.e.on.e (/usr/share/code/resources/app/extensions/typescript-language-features/dist/extension.js:53:61331)
	at Socket.emit (events.js:182:13)
	at addChunk (_stream_readable.js:283:12)
	at readableAddChunk (_stream_readable.js:264:11)
	at Socket.Readable.push (_stream_readable.js:219:10)
	at Pipe.onStreamRead [as onread] (internal/stream_base_commons.js:94:17)
[2019-12-14 18:51:44.397] [exthost] [error] [vscode.typescript-language-features] provider FAILED
[2019-12-14 18:51:44.399] [exthost] [error] Error: <semantic> TypeScript Server Error (3.6.2)
Cannot read property 'emitNode' of undefined
TypeError: Cannot read property 'emitNode' of undefined
    at Object.getStartsOnNewLine (tsserver.js:65737:29)
    at shouldWriteSeparatingLineTerminator (tsserver.js:89620:27)
    at emitNodeList (tsserver.js:89405:29)
    at emitList (tsserver.js:89302:13)
    at Object.writeList (tsserver.js:86739:13)
    at tsserver.js:110859:29
    at Object.mapToDisplayParts (tsserver.js:100088:13)
    at itemInfoForParameters (tsserver.js:110856:41)
    at getSignatureHelpItem (tsserver.js:110822:95)
    at tsserver.js:110795:79
    at Array.map (<anonymous>)
    at createSignatureHelpItems (tsserver.js:110795:36)
    at tsserver.js:110454:120
    at Object.runWithCancellationToken (tsserver.js:32415:28)
    at tsserver.js:110454:44
    at Object.firstDefined (tsserver.js:315:26)
    at tsserver.js:110450:27
    at Object.firstDefined (tsserver.js:315:26)
    at createJSSignatureHelpItems (tsserver.js:110449:56)
    at Object.getSignatureHelpItems (tsserver.js:110383:56)
    at Proxy.getSignatureHelpItems (tsserver.js:125631:37)
    at IOSession.Session.getSignatureHelpItems (tsserver.js:134738:62)
    at Session.handlers.ts.createMapFromTemplate._a.(anonymous function) (tsserver.js:133666:61)
    at tsserver.js:135178:88
    at IOSession.Session.executeWithRequestId (tsserver.js:135169:28)
    at IOSession.Session.executeCommand (tsserver.js:135178:33)
    at IOSession.Session.onMessage (tsserver.js:135201:35)
    at Interface.<anonymous> (tsserver.js:136516:27)
    at Interface.emit (events.js:182:13)
    at Interface._onLine (readline.js:290:10)
    at Interface._normalWrite (readline.js:433:12)
    at Socket.ondata (readline.js:149:10)
    at Socket.emit (events.js:182:13)
    at addChunk (_stream_readable.js:283:12)
    at readableAddChunk (_stream_readable.js:264:11)
    at Socket.Readable.push (_stream_readable.js:219:10)
    at Pipe.onStreamRead [as onread] (internal/stream_base_commons.js:94:17)
	at Function.create (/usr/share/code/resources/app/extensions/typescript-language-features/dist/extension.js:53:63463)
	at h.dispatchResponse (/usr/share/code/resources/app/extensions/typescript-language-features/dist/extension.js:53:56618)
	at h.dispatchMessage (/usr/share/code/resources/app/extensions/typescript-language-features/dist/extension.js:53:55516)
	at constructor._reader.onData.e (/usr/share/code/resources/app/extensions/typescript-language-features/dist/extension.js:53:54992)
	at u.fire (/usr/share/code/resources/app/out/vs/workbench/services/extensions/node/extensionHostProcess.js:50:207)
	at t.Reader.onLengthData (/usr/share/code/resources/app/extensions/typescript-language-features/dist/extension.js:53:61683)
	at Socket.t.Reader.constructor.e.on.e (/usr/share/code/resources/app/extensions/typescript-language-features/dist/extension.js:53:61331)
	at Socket.emit (events.js:182:13)
	at addChunk (_stream_readable.js:283:12)
	at readableAddChunk (_stream_readable.js:264:11)
	at Socket.Readable.push (_stream_readable.js:219:10)
	at Pipe.onStreamRead [as onread] (internal/stream_base_commons.js:94:17)
[2019-12-14 19:00:52.149] [exthost] [error] [vscode.typescript-language-features] provider FAILED
[2019-12-14 19:00:52.149] [exthost] [error] Error: <semantic> TypeScript Server Error (3.6.2)
Cannot read property 'emitNode' of undefined
TypeError: Cannot read property 'emitNode' of undefined
    at Object.getStartsOnNewLine (tsserver.js:65737:29)
    at shouldWriteSeparatingLineTerminator (tsserver.js:89620:27)
    at emitNodeList (tsserver.js:89405:29)
    at emitList (tsserver.js:89302:13)
    at Object.writeList (tsserver.js:86739:13)
    at tsserver.js:110859:29
    at Object.mapToDisplayParts (tsserver.js:100088:13)
    at itemInfoForParameters (tsserver.js:110856:41)
    at getSignatureHelpItem (tsserver.js:110822:95)
    at tsserver.js:110795:79
    at Array.map (<anonymous>)
    at createSignatureHelpItems (tsserver.js:110795:36)
    at tsserver.js:110387:23
    at Object.runWithCancellationToken (tsserver.js:32415:28)
    at Object.getSignatureHelpItems (tsserver.js:110385:32)
    at Proxy.getSignatureHelpItems (tsserver.js:125631:37)
    at IOSession.Session.getSignatureHelpItems (tsserver.js:134738:62)
    at Session.handlers.ts.createMapFromTemplate._a.(anonymous function) (tsserver.js:133666:61)
    at tsserver.js:135178:88
    at IOSession.Session.executeWithRequestId (tsserver.js:135169:28)
    at IOSession.Session.executeCommand (tsserver.js:135178:33)
    at IOSession.Session.onMessage (tsserver.js:135201:35)
    at Interface.<anonymous> (tsserver.js:136516:27)
    at Interface.emit (events.js:182:13)
    at Interface._onLine (readline.js:290:10)
    at Interface._normalWrite (readline.js:433:12)
    at Socket.ondata (readline.js:149:10)
    at Socket.emit (events.js:182:13)
    at addChunk (_stream_readable.js:283:12)
    at readableAddChunk (_stream_readable.js:264:11)
    at Socket.Readable.push (_stream_readable.js:219:10)
    at Pipe.onStreamRead [as onread] (internal/stream_base_commons.js:94:17)
	at Function.create (/usr/share/code/resources/app/extensions/typescript-language-features/dist/extension.js:53:63463)
	at h.dispatchResponse (/usr/share/code/resources/app/extensions/typescript-language-features/dist/extension.js:53:56618)
	at h.dispatchMessage (/usr/share/code/resources/app/extensions/typescript-language-features/dist/extension.js:53:55516)
	at constructor._reader.onData.e (/usr/share/code/resources/app/extensions/typescript-language-features/dist/extension.js:53:54992)
	at u.fire (/usr/share/code/resources/app/out/vs/workbench/services/extensions/node/extensionHostProcess.js:50:207)
	at t.Reader.onLengthData (/usr/share/code/resources/app/extensions/typescript-language-features/dist/extension.js:53:61683)
	at Socket.t.Reader.constructor.e.on.e (/usr/share/code/resources/app/extensions/typescript-language-features/dist/extension.js:53:61331)
	at Socket.emit (events.js:182:13)
	at addChunk (_stream_readable.js:283:12)
	at readableAddChunk (_stream_readable.js:264:11)
	at Socket.Readable.push (_stream_readable.js:219:10)
	at Pipe.onStreamRead [as onread] (internal/stream_base_commons.js:94:17)
